<?xml version="1.0" encoding="UTF-8"?>
<testng-results skipped="0" failed="0" total="1" passed="1">
  <reporter-output>
  </reporter-output>
  <suite name="FullTestSet" duration-ms="251" started-at="2020-06-04T11:56:49Z" finished-at="2020-06-04T11:56:49Z">
    <groups>
    </groups>
    <test name="AllTests" duration-ms="251" started-at="2020-06-04T11:56:49Z" finished-at="2020-06-04T11:56:49Z">
      <class name="com.asd.MomTest">
        <test-method status="PASS" signature="beforePowerMockTestClass()[pri:0, instance:com.asd.MomTest@4f51b3e0]" name="beforePowerMockTestClass" is-config="true" duration-ms="7" started-at="2020-06-04T13:56:49Z" finished-at="2020-06-04T13:56:49Z">
          <reporter-output>
          </reporter-output>
        </test-method> <!-- beforePowerMockTestClass -->
        <test-method status="PASS" signature="beforePowerMockTestMethod()[pri:0, instance:com.asd.MomTest@4f51b3e0]" name="beforePowerMockTestMethod" is-config="true" duration-ms="131" started-at="2020-06-04T13:56:49Z" finished-at="2020-06-04T13:56:49Z">
          <reporter-output>
          </reporter-output>
        </test-method> <!-- beforePowerMockTestMethod -->
        <test-method status="PASS" signature="testAuch()[pri:0, instance:com.asd.MomTest@4f51b3e0]" name="testAuch" duration-ms="103" started-at="2020-06-04T13:56:49Z" finished-at="2020-06-04T13:56:49Z">
          <reporter-output>
          </reporter-output>
        </test-method> <!-- testAuch -->
        <test-method status="PASS" signature="afterPowerMockTestMethod()[pri:0, instance:com.asd.MomTest@4f51b3e0]" name="afterPowerMockTestMethod" is-config="true" duration-ms="3" started-at="2020-06-04T13:56:49Z" finished-at="2020-06-04T13:56:49Z">
          <reporter-output>
          </reporter-output>
        </test-method> <!-- afterPowerMockTestMethod -->
        <test-method status="PASS" signature="afterPowerMockTestClass()[pri:0, instance:com.asd.MomTest@4f51b3e0]" name="afterPowerMockTestClass" is-config="true" duration-ms="0" started-at="2020-06-04T13:56:49Z" finished-at="2020-06-04T13:56:49Z">
          <reporter-output>
          </reporter-output>
        </test-method> <!-- afterPowerMockTestClass -->
      </class> <!-- com.asd.MomTest -->
    </test> <!-- AllTests -->
  </suite> <!-- FullTestSet -->
</testng-results>
